<?xml version="1.0" encoding="UTF-8"?>
<testng-results ignored="0" total="1" passed="1" failed="0" skipped="0">
  <reporter-output>
  </reporter-output>
  <suite started-at="2022-09-26T10:32:54 GMT-07:00" name="Default suite" finished-at="2022-09-26T10:33:00 GMT-07:00" duration-ms="6298">
    <groups>
    </groups>
    <test started-at="2022-09-26T10:32:54 GMT-07:00" name="Default test" finished-at="2022-09-26T10:33:00 GMT-07:00" duration-ms="6298">
      <class name="com.ems.json_schema_validation.NetworkNtJsonSchemaValidator">
        <test-method signature="validateJsonSchema()[pri:0, instance:com.ems.json_schema_validation.NetworkNtJsonSchemaValidator@15bbf42f]" started-at="2022-09-26T10:32:54 GMT-07:00" name="validateJsonSchema" finished-at="2022-09-26T10:33:00 GMT-07:00" duration-ms="6178" status="PASS">
          <reporter-output>
          </reporter-output>
        </test-method> <!-- validateJsonSchema -->
      </class> <!-- com.ems.json_schema_validation.NetworkNtJsonSchemaValidator -->
    </test> <!-- Default test -->
  </suite> <!-- Default suite -->
</testng-results>
